<?xml version="1.0" encoding="UTF-8"?>
<!-- Generated by org.testng.reporters.JUnitReportReporter -->
<testsuite hostname="RV-PC" name="com.testng3.ClassLevelAnnotation" tests="20" failures="0" timestamp="19 Dec 2012 13:31:09 GMT" time="0.000" errors="0">
  <testcase name="abc" time="0.000" classname="com.testng3.ClassLevelAnnotation"/>
  <testcase name="xyz" time="0.000" classname="com.testng3.ClassLevelAnnotation"/>
  <testcase name="abc" time="0.000" classname="com.testng3.ClassLevelAnnotation"/>
  <testcase name="xyz" time="0.000" classname="com.testng3.ClassLevelAnnotation"/>
  <testcase name="abc" time="0.000" classname="com.testng3.ClassLevelAnnotation"/>
  <testcase name="xyz" time="0.000" classname="com.testng3.ClassLevelAnnotation"/>
  <testcase name="xyz" time="0.000" classname="com.testng3.ClassLevelAnnotation"/>
  <testcase name="abc" time="0.000" classname="com.testng3.ClassLevelAnnotation"/>
  <testcase name="abc" time="0.000" classname="com.testng3.ClassLevelAnnotation"/>
  <testcase name="xyz" time="0.000" classname="com.testng3.ClassLevelAnnotation"/>
  <testcase name="xyz" time="0.000" classname="com.testng3.ClassLevelAnnotation"/>
  <testcase name="xyz" time="0.000" classname="com.testng3.ClassLevelAnnotation"/>
  <testcase name="abc" time="0.000" classname="com.testng3.ClassLevelAnnotation"/>
  <testcase name="xyz" time="0.000" classname="com.testng3.ClassLevelAnnotation"/>
  <testcase name="abc" time="0.000" classname="com.testng3.ClassLevelAnnotation"/>
  <testcase name="xyz" time="0.000" classname="com.testng3.ClassLevelAnnotation"/>
  <testcase name="xyz" time="0.000" classname="com.testng3.ClassLevelAnnotation"/>
  <testcase name="abc" time="0.000" classname="com.testng3.ClassLevelAnnotation"/>
  <testcase name="abc" time="0.000" classname="com.testng3.ClassLevelAnnotation"/>
  <testcase name="abc" time="0.000" classname="com.testng3.ClassLevelAnnotation"/>
</testsuite>
