<?xml version="1.0" encoding="UTF-8"?>
<!-- Generated by org.testng.reporters.JUnitReportReporter -->
<testsuite hostname="xebia-PC" name="com.testng3.TestAnnotationOnClass" tests="2" failures="0" timestamp="3 Apr 2012 16:51:06 GMT" time="0.015" errors="0">
  <testcase name="xyz" time="0.000" classname="com.testng3.TestAnnotationOnClass"/>
  <testcase name="abc" time="0.015" classname="com.testng3.TestAnnotationOnClass"/>
</testsuite>
