<?xml version="1.0" encoding="UTF-8"?>
<!-- Generated by org.testng.reporters.JUnitReportReporter -->
<testsuite hostname="RV-PC" name="com.testng1.BeanShell" tests="3" failures="0" timestamp="19 Dec 2012 13:31:09 GMT" time="0.000" errors="0">
  <testcase name="abc1" time="0.000" classname="com.testng1.BeanShell"/>
  <testcase name="abc3" time="0.000" classname="com.testng1.BeanShell"/>
  <testcase name="abc2" time="0.000" classname="com.testng1.BeanShell"/>
</testsuite>
