<?xml version="1.0" encoding="UTF-8"?>
<!-- Generated by org.testng.reporters.JUnitReportReporter -->
<testsuite hostname="RV-PC" name="com.testng2.ClassF" tests="10" failures="0" timestamp="19 Dec 2012 13:31:09 GMT" time="0.030" errors="0">
  <testcase name="F" time="0.000" classname="com.testng2.ClassF"/>
  <testcase name="F" time="0.015" classname="com.testng2.ClassF"/>
  <testcase name="F" time="0.000" classname="com.testng2.ClassF"/>
  <testcase name="F" time="0.000" classname="com.testng2.ClassF"/>
  <testcase name="F" time="0.000" classname="com.testng2.ClassF"/>
  <testcase name="F" time="0.000" classname="com.testng2.ClassF"/>
  <testcase name="F" time="0.015" classname="com.testng2.ClassF"/>
  <testcase name="F" time="0.000" classname="com.testng2.ClassF"/>
  <testcase name="F" time="0.000" classname="com.testng2.ClassF"/>
  <testcase name="F" time="0.000" classname="com.testng2.ClassF"/>
</testsuite>
