<?xml version="1.0" encoding="UTF-8"?>
<!-- Generated by org.testng.reporters.JUnitReportReporter -->
<testsuite hostname="svenkat" name="Xebia.TestNG1.App" tests="1" failures="0" timestamp="2 Dec 2012 15:30:33 GMT" time="0.015" errors="0">
  <testcase name="abcd" time="0.015" classname="Xebia.TestNG1.App"/>
</testsuite> <!-- Xebia.TestNG1.App -->
