<?xml version="1.0" encoding="UTF-8"?>
<!-- Generated by org.testng.reporters.JUnitReportReporter -->
<testsuite hostname="svenkat" name="com.testng2.ClassI" tests="10" failures="0" timestamp="6 Nov 2012 07:33:59 GMT" time="0.018" errors="0">
  <testcase name="check" time="0.001" classname="com.testng2.ClassI"/>
  <testcase name="check" time="0.001" classname="com.testng2.ClassI"/>
  <testcase name="check" time="0.000" classname="com.testng2.ClassI"/>
  <testcase name="check" time="0.001" classname="com.testng2.ClassI"/>
  <testcase name="check" time="0.012" classname="com.testng2.ClassI"/>
  <testcase name="check" time="0.000" classname="com.testng2.ClassI"/>
  <testcase name="check" time="0.001" classname="com.testng2.ClassI"/>
  <testcase name="check" time="0.001" classname="com.testng2.ClassI"/>
  <testcase name="check" time="0.000" classname="com.testng2.ClassI"/>
  <testcase name="check" time="0.001" classname="com.testng2.ClassI"/>
</testsuite> <!-- com.testng2.ClassI -->
