<?xml version="1.0" encoding="UTF-8"?>
<!-- Generated by org.testng.reporters.JUnitReportReporter -->
<testsuite hostname="svenkat" name="com.testng.factory.TestClassB" tests="2" failures="0" timestamp="5 Nov 2012 09:39:35 GMT" time="0.014" errors="0">
  <testcase name="Test" time="0.003" classname="com.testng.factory.TestClassB"/>
  <testcase name="Test" time="0.011" classname="com.testng.factory.TestClassB"/>
</testsuite> <!-- com.testng.factory.TestClassB -->
