<?xml version="1.0" encoding="UTF-8"?>
<!-- Generated by org.testng.reporters.JUnitReportReporter -->
<testsuite hostname="RV-PC" name="com.testng.test.AnnotationsTest" tests="1" failures="0" timestamp="19 Dec 2012 13:31:09 GMT" time="0.000" errors="0">
  <testcase name="f" time="0.000" classname="com.testng.test.AnnotationsTest"/>
</testsuite>
