<?xml version="1.0" encoding="UTF-8"?>
<!-- Generated by org.testng.reporters.JUnitReportReporter -->
<testsuite hostname="svenkat" name="Xebia.TestNG1.AppTest" tests="1" failures="0" timestamp="2 Dec 2012 09:23:15 GMT" time="0.000" errors="0">
  <testcase name="abc" time="0.000" classname="Xebia.TestNG1.AppTest"/>
</testsuite> <!-- Xebia.TestNG1.AppTest -->
