<?xml version="1.0" encoding="UTF-8"?>
<!-- Generated by org.testng.reporters.JUnitReportReporter -->
<testsuite hostname="RV-PC" name="com.testng3.Reporter" tests="1" failures="0" timestamp="11 Dec 2012 15:39:07 GMT" time="0.016" errors="0">
  <testcase name="generateReports" time="0.016" classname="com.testng3.Reporter"/>
</testsuite> <!-- com.testng3.Reporter -->
