<?xml version="1.0" encoding="UTF-8"?>
<!-- Generated by org.testng.reporters.JUnitReportReporter -->
<testsuite hostname="RV-PC" name="com.testng.test.Annotations" tests="3" failures="0" timestamp="19 Dec 2012 13:31:09 GMT" time="0.000" errors="0">
  <testcase name="testingOne" time="0.000" classname="com.testng.test.Annotations"/>
  <testcase name="testingTwo" time="0.000" classname="com.testng.test.Annotations"/>
  <testcase name="testingThree" time="0.000" classname="com.testng.test.Annotations"/>
</testsuite>
