<?xml version="1.0" encoding="UTF-8"?>
<!-- Generated by org.testng.reporters.JUnitReportReporter -->
<testsuite hostname="RV-PC" name="com.testng2.ClassD" tests="4" failures="0" timestamp="19 Dec 2012 13:31:09 GMT" time="0.000" errors="0">
  <testcase name="testMethod4" time="0.000" classname="com.testng2.ClassD"/>
  <testcase name="testMethod3" time="0.000" classname="com.testng2.ClassD"/>
  <testcase name="testMethod1" time="0.000" classname="com.testng2.ClassD"/>
  <testcase name="testMethod2" time="0.000" classname="com.testng2.ClassD"/>
</testsuite>
