<?xml version="1.0" encoding="UTF-8"?>
<!-- Generated by org.testng.reporters.JUnitReportReporter -->
<testsuite hostname="RV-PC" name="com.testng3.Parameterization" tests="2" failures="0" timestamp="19 Dec 2012 11:57:28 GMT" time="0.000" errors="0">
  <testcase name="xyz" time="0.000" classname="com.testng3.Parameterization"/>
  <testcase name="xyz" time="0.000" classname="com.testng3.Parameterization"/>
</testsuite>
