<?xml version="1.0" encoding="UTF-8"?>
<!-- Generated by org.testng.reporters.JUnitReportReporter -->
<testsuite hostname="RV-PC" name="Xebia.TestNG1.AppTest" tests="1" failures="0" timestamp="5 Dec 2012 17:28:21 GMT" time="0.007" errors="0">
  <testcase name="abc" time="0.007" classname="Xebia.TestNG1.AppTest"/>
</testsuite>
