<?xml version="1.0" encoding="UTF-8"?>
<!-- Generated by org.testng.reporters.JUnitReportReporter -->
<testsuite hostname="RV-PC" name="com.testng1.ClassB" tests="2" failures="0" timestamp="19 Dec 2012 11:57:28 GMT" time="0.000" errors="0">
  <testcase name="B3" time="0.000" classname="com.testng1.ClassB"/>
  <testcase name="B1" time="0.000" classname="com.testng1.ClassB"/>
</testsuite>
