<?xml version="1.0" encoding="UTF-8"?>
<!-- Generated by org.testng.reporters.JUnitReportReporter -->
<testsuite hostname="RV-PC" name="com.testng.factory.FactoryClassB" tests="5" failures="0" timestamp="19 Dec 2012 11:57:28 GMT" time="0.016" errors="0">
  <testcase name="Test" time="0.000" classname="com.testng.factory.FactoryClassB"/>
  <testcase name="Test" time="0.000" classname="com.testng.factory.FactoryClassB"/>
  <testcase name="Test" time="0.016" classname="com.testng.factory.FactoryClassB"/>
  <testcase name="Test" time="0.000" classname="com.testng.factory.FactoryClassB"/>
  <testcase name="Test" time="0.000" classname="com.testng.factory.FactoryClassB"/>
</testsuite>
