<?xml version="1.0" encoding="UTF-8"?>
<!-- Generated by org.testng.reporters.JUnitReportReporter -->
<testsuite hostname="RV-PC" name="com.testng2.ClassE" tests="3" failures="0" timestamp="19 Dec 2012 11:57:28 GMT" time="0.000" errors="0">
  <testcase name="abc" time="0.000" classname="com.testng2.ClassE"/>
  <testcase name="def" time="0.000" classname="com.testng2.ClassE"/>
  <testcase name="b" time="0.000" classname="com.testng2.ClassE"/>
</testsuite>
